Arguments: 
  /Users/smithbri/.nvm/versions/node/v8.0.0/bin/node /usr/local/bin/yarn

PATH: 
  /Users/smithbri/.nvm/versions/node/v8.0.0/bin:/Users/smithbri/.rbenv/shims:/usr/local/bin:/usr/bin:/bin:/usr/sbin:/sbin:/Applications/Postgres.app/Contents/Versions/latest/bin:/Users/smithbri/Library/Android/sdk/platform-tools/

Yarn version: 
  0.27.5

Node version: 
  8.0.0

Platform: 
  darwin x64

npm manifest: 
  {
    "name": "backend",
    "version": "1.0.0",
    "main": "server.js",
  }

yarn manifest: 
  No manifest

Lockfile: 
  No lockfile

Trace: 
  SyntaxError: /Users/smithbri/code/graphqljsonformpoc/backend/package.json: Unexpected token } in JSON at position 68
      at JSON.parse (<anonymous>)
      at /usr/local/Cellar/yarn/0.27.5/libexec/lib/yarn-cli.js:747:57
      at Generator.next (<anonymous>)
      at step (/usr/local/Cellar/yarn/0.27.5/libexec/lib/yarn-cli.js:91:30)
      at /usr/local/Cellar/yarn/0.27.5/libexec/lib/yarn-cli.js:102:13
      at <anonymous>
